<?xml version="1.0" encoding="UTF-8"?>
<Site BuildName="Linux-g++"
	BuildStamp="20230805-2205-Experimental"
	Name="YocoZuna"
	Generator="ctest-3.26.4"
	CompilerName="/usr/bin/g++"
	CompilerVersion=""
	OSName="Linux"
	Hostname="YocoZuna"
	OSRelease="5.19.0-46-generic"
	OSVersion="#47~22.04.1-Ubuntu SMP PREEMPT_DYNAMIC Wed Jun 21 15:35:31 UTC 2"
	OSPlatform="x86_64"
	Is64Bits="1"
	VendorString="AuthenticAMD"
	VendorID="Advanced Micro Devices"
	FamilyID="23"
	ModelID="96"
	ProcessorCacheSize="512"
	NumberOfLogicalCPU="6"
	NumberOfPhysicalCPU="6"
	TotalVirtualMemory="2047"
	TotalPhysicalMemory="7294"
	LogicalProcessorsPerPhysical="1"
	ProcessorClockFrequency="2201.06"
	>
	<Testing>
		<StartDateTime>Aug 06 00:35 CEST</StartDateTime>
		<StartTestTime>1691274956</StartTestTime>
		<TestList/>
		<EndDateTime>Aug 06 00:35 CEST</EndDateTime>
		<EndTestTime>1691274956</EndTestTime>
		<ElapsedMinutes>0</ElapsedMinutes>
	</Testing>
</Site>
