<?xml version="1.0" encoding="UTF-8"?>
<Site BuildName="Linux-c89-gcc"
	BuildStamp="20230609-1011-Experimental"
	Name="dawidzadlo-Virtual-Machine"
	Generator="ctest-3.22.1"
	CompilerName=""
	CompilerVersion=""
	OSName="Linux"
	Hostname="dawidzadlo-Virtual-Machine"
	OSRelease="5.15.0-1039-azure"
	OSVersion="#46-Ubuntu SMP Mon May 22 15:18:07 UTC 2023"
	OSPlatform="x86_64"
	Is64Bits="1"
	VendorString="GenuineIntel"
	VendorID="Intel Corporation"
	FamilyID="6"
	ModelID="141"
	ProcessorCacheSize="24576"
	NumberOfLogicalCPU="8"
	NumberOfPhysicalCPU="4"
	TotalVirtualMemory="0"
	TotalPhysicalMemory="9270"
	LogicalProcessorsPerPhysical="2"
	ProcessorClockFrequency="2496"
	>
	<Testing>
		<StartDateTime>Jun 09 14:01 CEST</StartDateTime>
		<StartTestTime>1686312078</StartTestTime>
		<TestList/>
		<EndDateTime>Jun 09 14:01 CEST</EndDateTime>
		<EndTestTime>1686312078</EndTestTime>
		<ElapsedMinutes>0</ElapsedMinutes>
	</Testing>
</Site>
