<?xml version="1.0" encoding="UTF-8"?>
<Site BuildName="Linux-clang++"
	BuildStamp="20230609-1011-Experimental"
	Name="YocoZuna"
	Generator="ctest-3.22.1"
	CompilerName="/usr/bin/clang++"
	CompilerVersion=""
	OSName="Linux"
	Hostname="YocoZuna"
	OSRelease="5.19.0-43-generic"
	OSVersion="#44~22.04.1-Ubuntu SMP PREEMPT_DYNAMIC Mon May 22 13:39:36 UTC 2"
	OSPlatform="x86_64"
	Is64Bits="1"
	VendorString="AuthenticAMD"
	VendorID="Advanced Micro Devices"
	FamilyID="23"
	ModelID="96"
	ProcessorCacheSize="512"
	NumberOfLogicalCPU="6"
	NumberOfPhysicalCPU="6"
	TotalVirtualMemory="2047"
	TotalPhysicalMemory="7303"
	LogicalProcessorsPerPhysical="1"
	ProcessorClockFrequency="2420.58"
	>
	<Testing>
		<StartDateTime>Jun 09 21:01 CEST</StartDateTime>
		<StartTestTime>1686337289</StartTestTime>
		<TestList/>
		<EndDateTime>Jun 09 21:01 CEST</EndDateTime>
		<EndTestTime>1686337289</EndTestTime>
		<ElapsedMinutes>0</ElapsedMinutes>
	</Testing>
</Site>
