<?xml version="1.0" encoding="UTF-8"?>
<Site BuildName="Linux-cc"
	BuildStamp="20230610-2038-Experimental"
	Name="YocoZuna"
	Generator="ctest-3.22.1"
	CompilerName=""
	CompilerVersion=""
	OSName="Linux"
	Hostname="YocoZuna"
	OSRelease="5.19.0-43-generic"
	OSVersion="#44~22.04.1-Ubuntu SMP PREEMPT_DYNAMIC Mon May 22 13:39:36 UTC 2"
	OSPlatform="x86_64"
	Is64Bits="1"
	VendorString="AuthenticAMD"
	VendorID="Advanced Micro Devices"
	FamilyID="23"
	ModelID="96"
	ProcessorCacheSize="512"
	NumberOfLogicalCPU="6"
	NumberOfPhysicalCPU="6"
	TotalVirtualMemory="2047"
	TotalPhysicalMemory="7303"
	LogicalProcessorsPerPhysical="1"
	ProcessorClockFrequency="3991.75"
	>
	<Testing>
		<StartDateTime>Jun 10 23:53 CEST</StartDateTime>
		<StartTestTime>1686433982</StartTestTime>
		<TestList/>
		<EndDateTime>Jun 10 23:53 CEST</EndDateTime>
		<EndTestTime>1686433982</EndTestTime>
		<ElapsedMinutes>0</ElapsedMinutes>
	</Testing>
</Site>
